<?xml version="1.0" encoding="UTF-8"?>
<testsuite name="com.gildedrose.GildedRoseTest" tests="13" skipped="0" failures="0" errors="0" timestamp="2021-10-18T08:30:05" hostname="turing.local.isima.fr" time="0.019">
  <properties/>
  <testcase name="Test of a random item's quality when the expiration is passed" classname="com.gildedrose.GildedRoseTest" time="0.011"/>
  <testcase name="Test of the Brie quality when the expiration is passed" classname="com.gildedrose.GildedRoseTest" time="0.001"/>
  <testcase name="Test of the concert quality per day &lt; 10 but &gt; 5" classname="com.gildedrose.GildedRoseTest" time="0.0"/>
  <testcase name="Test that the name is unchanged" classname="com.gildedrose.GildedRoseTest" time="0.0"/>
  <testcase name="Test of the Max Brie quality" classname="com.gildedrose.GildedRoseTest" time="0.001"/>
  <testcase name="Test of a random item's quality per day" classname="com.gildedrose.GildedRoseTest" time="0.0"/>
  <testcase name="Test of the max concert quality (50)" classname="com.gildedrose.GildedRoseTest" time="0.0"/>
  <testcase name="Test of the Brie quality update per day" classname="com.gildedrose.GildedRoseTest" time="0.0"/>
  <testcase name="Test of the Brie quality when expired and qualtity &gt; 48" classname="com.gildedrose.GildedRoseTest" time="0.001"/>
  <testcase name="Test of the concert quality when the concert's done" classname="com.gildedrose.GildedRoseTest" time="0.0"/>
  <testcase name="Test of Sulfura's quality per day" classname="com.gildedrose.GildedRoseTest" time="0.0"/>
  <testcase name="Test of the concert quality per day &lt; 5" classname="com.gildedrose.GildedRoseTest" time="0.0"/>
  <testcase name="Test of the concert quality per day &gt; 10" classname="com.gildedrose.GildedRoseTest" time="0.0"/>
  <system-out><![CDATA[]]></system-out>
  <system-err><![CDATA[]]></system-err>
</testsuite>
